<?xml version="1.0" encoding="UTF-8"?>
<testng-results ignored="0" total="2" passed="2" failed="0" skipped="0">
  <reporter-output>
  </reporter-output>
  <suite started-at="2025-07-28T11:58:26 IST" name="Default suite" finished-at="2025-07-28T11:58:32 IST" duration-ms="5958">
    <groups>
    </groups>
    <test started-at="2025-07-28T11:58:26 IST" name="Default test" finished-at="2025-07-28T11:58:32 IST" duration-ms="5958">
      <class name="Selenium.RestAssured.ResponseValidation">
        <test-method signature="getMultipleUsers()[pri:0, instance:Selenium.RestAssured.ResponseValidation@6c64cb25]" started-at="2025-07-28T11:58:26 IST" name="getMultipleUsers" finished-at="2025-07-28T11:58:31 IST" duration-ms="5011" status="PASS">
          <reporter-output>
          </reporter-output>
        </test-method> <!-- getMultipleUsers -->
        <test-method signature="getSingleUser()[pri:0, instance:Selenium.RestAssured.ResponseValidation@6c64cb25]" started-at="2025-07-28T11:58:31 IST" name="getSingleUser" finished-at="2025-07-28T11:58:32 IST" duration-ms="843" status="PASS">
          <reporter-output>
          </reporter-output>
        </test-method> <!-- getSingleUser -->
      </class> <!-- Selenium.RestAssured.ResponseValidation -->
    </test> <!-- Default test -->
  </suite> <!-- Default suite -->
</testng-results>
